
> greenpulse-ev@0.1.0 build
> next build

   Γû▓ Next.js 15.4.5

   Creating an optimized production build ...
 Γ£ô Compiled successfully in 19.0s
   Linting and checking validity of types ...
   Collecting page data ...
   Generating static pages (0/14) ...
   Generating static pages (3/14) 
   Generating static pages (6/14) 
   Generating static pages (10/14) 
 Γ£ô Generating static pages (14/14)
   Finalizing page optimization ...
   Collecting build traces ...

Route (app)                                 Size  First Load JS
Γöî Γùï /                                    78.6 kB         187 kB
Γö£ Γùï /_not-found                            149 B        99.8 kB
Γö£ Γùï /admin                                 149 B        99.8 kB
Γö£ Γùï /admin/login                         21.3 kB         130 kB
Γö£ ╞Æ /api/admin/auth/login                  149 B        99.8 kB
Γö£ ╞Æ /api/admin/auth/logout                 149 B        99.8 kB
Γö£ ╞Æ /api/admin/auth/me                     149 B        99.8 kB
Γö£ ╞Æ /api/admin/categories                  149 B        99.8 kB
Γö£ ╞Æ /api/admin/categories/[id]             149 B        99.8 kB
Γö£ ╞Æ /api/admin/posts                       149 B        99.8 kB
Γö£ ╞Æ /api/admin/posts/[id]                  149 B        99.8 kB
Γö£ Γùï /blog                                  176 B         108 kB
Γö£ ╞Æ /blog/[slug]                           176 B         108 kB
Γö£ Γùï /robots.txt                            149 B        99.8 kB
Γöö Γùï /sitemap.xml                           149 B        99.8 kB
+ First Load JS shared by all            99.7 kB
  Γö£ chunks/4bd1b696-cf72ae8a39fa05aa.js  54.1 kB
  Γö£ chunks/964-02efbd2195ef91bd.js       43.5 kB
  Γöö other shared chunks (total)             2 kB


╞Æ Middleware                             39.1 kB

Γùï  (Static)   prerendered as static content
╞Æ  (Dynamic)  server-rendered on demand

